Traceback (most recent call last):
  File "/opt/hostedtoolcache/Python/3.8.14/x64/lib/python3.8/site-packages/jupyter_cache/executors/utils.py", line 51, in single_nb_execution
    executenb(
  File "/opt/hostedtoolcache/Python/3.8.14/x64/lib/python3.8/site-packages/nbclient/client.py", line 1204, in execute
    return NotebookClient(nb=nb, resources=resources, km=km, **kwargs).execute()
  File "/opt/hostedtoolcache/Python/3.8.14/x64/lib/python3.8/site-packages/nbclient/util.py", line 84, in wrapped
    return just_run(coro(*args, **kwargs))
  File "/opt/hostedtoolcache/Python/3.8.14/x64/lib/python3.8/site-packages/nbclient/util.py", line 62, in just_run
    return loop.run_until_complete(coro)
  File "/opt/hostedtoolcache/Python/3.8.14/x64/lib/python3.8/asyncio/base_events.py", line 616, in run_until_complete
    return future.result()
  File "/opt/hostedtoolcache/Python/3.8.14/x64/lib/python3.8/site-packages/nbclient/client.py", line 663, in async_execute
    await self.async_execute_cell(
  File "/opt/hostedtoolcache/Python/3.8.14/x64/lib/python3.8/site-packages/nbclient/client.py", line 965, in async_execute_cell
    await self._check_raise_for_error(cell, cell_index, exec_reply)
  File "/opt/hostedtoolcache/Python/3.8.14/x64/lib/python3.8/site-packages/nbclient/client.py", line 862, in _check_raise_for_error
    raise CellExecutionError.from_cell_and_msg(cell, exec_reply_content)
nbclient.exceptions.CellExecutionError: An error occurred while executing the following cell:
------------------
color_continuous_scale = [[0, '#3b52ff'], [0.5, '#f1f1f1'],[1, '#169485']]
fig = px.sunburst(
    df_active.assign(hole="<a href=\"https://opensustain.tech/\">Open Sustainable Technology</a>"),
    path=['hole','field', 'topic', 'project_name'],
    maxdepth=3,
    color='development_distribution_score',
    custom_data=["oneliner","topic","git_url"],

    # Diverging colors
    color_continuous_scale=color_divergent_scale,
    color_continuous_midpoint=df_active['development_distribution_score'].median(),
)

fig.update_layout(coloraxis_colorbar=dict(title='DDS'),title='Projects within fields and topics', height=1000, width=1000, title_font_size=22, font_size=12)
# animated transitions are currently not implemented when uniformtext is used
fig.update_traces(insidetextorientation='radial', textinfo='label', marker=dict(line=dict(color='#ffffff', width=0.3)),
    hovertemplate="<br>".join([
        "Project Info: <b>%{customdata[0]}</b>",
        "Topic: <b>%{customdata[1]}</b>",
        "Git URL: <b>%{customdata[2]}</b>"
    ]))
fig.write_html("output.html", full_html=False, include_plotlyjs='cdn')
fig.show()
------------------

[0;31m---------------------------------------------------------------------------[0m
[0;31mNameError[0m                                 Traceback (most recent call last)
Cell [0;32mIn[3], line 10[0m
[1;32m      1[0m color_continuous_scale [38;5;241m=[39m [[[38;5;241m0[39m, [38;5;124m'[39m[38;5;124m#3b52ff[39m[38;5;124m'[39m], [[38;5;241m0.5[39m, [38;5;124m'[39m[38;5;124m#f1f1f1[39m[38;5;124m'[39m],[[38;5;241m1[39m, [38;5;124m'[39m[38;5;124m#169485[39m[38;5;124m'[39m]]
[1;32m      2[0m fig [38;5;241m=[39m px[38;5;241m.[39msunburst(
[1;32m      3[0m     df_active[38;5;241m.[39massign(hole[38;5;241m=[39m[38;5;124m"[39m[38;5;124m<a href=[39m[38;5;130;01m\"[39;00m[38;5;124mhttps://opensustain.tech/[39m[38;5;130;01m\"[39;00m[38;5;124m>Open Sustainable Technology</a>[39m[38;5;124m"[39m),
[1;32m      4[0m     path[38;5;241m=[39m[[38;5;124m'[39m[38;5;124mhole[39m[38;5;124m'[39m,[38;5;124m'[39m[38;5;124mfield[39m[38;5;124m'[39m, [38;5;124m'[39m[38;5;124mtopic[39m[38;5;124m'[39m, [38;5;124m'[39m[38;5;124mproject_name[39m[38;5;124m'[39m],
[1;32m      5[0m     maxdepth[38;5;241m=[39m[38;5;241m3[39m,
[1;32m      6[0m     color[38;5;241m=[39m[38;5;124m'[39m[38;5;124mdevelopment_distribution_score[39m[38;5;124m'[39m,
[1;32m      7[0m     custom_data[38;5;241m=[39m[[38;5;124m"[39m[38;5;124moneliner[39m[38;5;124m"[39m,[38;5;124m"[39m[38;5;124mtopic[39m[38;5;124m"[39m,[38;5;124m"[39m[38;5;124mgit_url[39m[38;5;124m"[39m],
[1;32m      8[0m 
[1;32m      9[0m     [38;5;66;03m# Diverging colors[39;00m
[0;32m---> 10[0m     color_continuous_scale[38;5;241m=[39m[43mcolor_divergent_scale[49m,
[1;32m     11[0m     color_continuous_midpoint[38;5;241m=[39mdf_active[[38;5;124m'[39m[38;5;124mdevelopment_distribution_score[39m[38;5;124m'[39m][38;5;241m.[39mmedian(),
[1;32m     12[0m )
[1;32m     14[0m fig[38;5;241m.[39mupdate_layout(coloraxis_colorbar[38;5;241m=[39m[38;5;28mdict[39m(title[38;5;241m=[39m[38;5;124m'[39m[38;5;124mDDS[39m[38;5;124m'[39m),title[38;5;241m=[39m[38;5;124m'[39m[38;5;124mProjects within fields and topics[39m[38;5;124m'[39m, height[38;5;241m=[39m[38;5;241m1000[39m, width[38;5;241m=[39m[38;5;241m1000[39m, title_font_size[38;5;241m=[39m[38;5;241m22[39m, font_size[38;5;241m=[39m[38;5;241m12[39m)
[1;32m     15[0m [38;5;66;03m# animated transitions are currently not implemented when uniformtext is used[39;00m

[0;31mNameError[0m: name 'color_divergent_scale' is not defined
NameError: name 'color_divergent_scale' is not defined

