Traceback (most recent call last):
  File "/opt/hostedtoolcache/Python/3.8.16/x64/lib/python3.8/site-packages/jupyter_cache/executors/utils.py", line 58, in single_nb_execution
    executenb(
  File "/opt/hostedtoolcache/Python/3.8.16/x64/lib/python3.8/site-packages/nbclient/client.py", line 1204, in execute
    return NotebookClient(nb=nb, resources=resources, km=km, **kwargs).execute()
  File "/opt/hostedtoolcache/Python/3.8.16/x64/lib/python3.8/site-packages/nbclient/util.py", line 84, in wrapped
    return just_run(coro(*args, **kwargs))
  File "/opt/hostedtoolcache/Python/3.8.16/x64/lib/python3.8/site-packages/nbclient/util.py", line 62, in just_run
    return loop.run_until_complete(coro)
  File "/opt/hostedtoolcache/Python/3.8.16/x64/lib/python3.8/asyncio/base_events.py", line 616, in run_until_complete
    return future.result()
  File "/opt/hostedtoolcache/Python/3.8.16/x64/lib/python3.8/site-packages/nbclient/client.py", line 663, in async_execute
    await self.async_execute_cell(
  File "/opt/hostedtoolcache/Python/3.8.16/x64/lib/python3.8/site-packages/nbclient/client.py", line 965, in async_execute_cell
    await self._check_raise_for_error(cell, cell_index, exec_reply)
  File "/opt/hostedtoolcache/Python/3.8.16/x64/lib/python3.8/site-packages/nbclient/client.py", line 862, in _check_raise_for_error
    raise CellExecutionError.from_cell_and_msg(cell, exec_reply_content)
nbclient.exceptions.CellExecutionError: An error occurred while executing the following cell:
------------------
df_personal_projects = df_active[df_active["organization"].isna()]
df_organization_projects = df_active[df_active["organization"].notna()]
df_inactive = df_raw[(df_raw["project_active"] == False)]
df_top_stargazers = df_active[(df_active["stargazers_count"] > 100)]

fig = go.Figure(
    data=[
        go.Table(
            columnwidth=[100, 50],
            header=dict(
                values=["Group", "Median DDS"],
                line_color="#000000",
                fill_color="#ffffff",
                font_size=18,
            ),
            cells=dict(
                line_color="#ffffff",
                fill_color="#ffffff",
                font_size=16,
                height=30,
                values=[
                    [
                        "All projects",
                        "Active projects in personal namespace",
                        "Active organisation projects",
                        "Active projects",
                        "Inactive projects",
                        "Active projects more than 50 Stars",
                        "Projects with most contributors",
                    ],
                    [
                        round(df_raw["development_distribution_score"].median(), 3),
                        round(
                            df_personal_projects[
                                "development_distribution_score"
                            ].median(),
                            3,
                        ),
                        round(
                            df_organization_projects[
                                "development_distribution_score"
                            ].median(),
                            3,
                        ),
                        round(df_active["development_distribution_score"].median(), 3),
                        round(
                            df_inactive["development_distribution_score"].median(), 3
                        ),
                        round(
                            df_top_stargazers[
                                "development_distribution_score"
                            ].median(),
                            3,
                        ),
                        round(
                            df_active.nlargest(50, "contributors")[
                                "development_distribution_score"
                            ].median(),
                            3,
                        ),
                    ],
                ],
            ),
        )
    ]
)

fig.update_layout(height=255)
fig["layout"].update(margin=dict(l=20, r=20, b=0, t=20))

fig.show(responsive=True)
------------------

[0;31m---------------------------------------------------------------------------[0m
[0;31mTypeError[0m                                 Traceback (most recent call last)
Cell [0;32mIn[3], line 4[0m
[1;32m      2[0m df_organization_projects [38;5;241m=[39m df_active[df_active[[38;5;124m"[39m[38;5;124morganization[39m[38;5;124m"[39m][38;5;241m.[39mnotna()]
[1;32m      3[0m df_inactive [38;5;241m=[39m df_raw[(df_raw[[38;5;124m"[39m[38;5;124mproject_active[39m[38;5;124m"[39m] [38;5;241m==[39m [38;5;28;01mFalse[39;00m)]
[0;32m----> 4[0m df_top_stargazers [38;5;241m=[39m df_active[([43mdf_active[49m[43m[[49m[38;5;124;43m"[39;49m[38;5;124;43mstargazers_count[39;49m[38;5;124;43m"[39;49m[43m][49m[43m [49m[38;5;241;43m>[39;49m[43m [49m[38;5;241;43m100[39;49m)]
[1;32m      6[0m fig [38;5;241m=[39m go[38;5;241m.[39mFigure(
[1;32m      7[0m     data[38;5;241m=[39m[
[1;32m      8[0m         go[38;5;241m.[39mTable(
[0;32m   (...)[0m
[1;32m     65[0m     ]
[1;32m     66[0m )
[1;32m     68[0m fig[38;5;241m.[39mupdate_layout(height[38;5;241m=[39m[38;5;241m255[39m)

File [0;32m/opt/hostedtoolcache/Python/3.8.16/x64/lib/python3.8/site-packages/pandas/core/ops/common.py:81[0m, in [0;36m_unpack_zerodim_and_defer.<locals>.new_method[0;34m(self, other)[0m
[1;32m     77[0m             [38;5;28;01mreturn[39;00m [38;5;28mNotImplemented[39m
[1;32m     79[0m other [38;5;241m=[39m item_from_zerodim(other)
[0;32m---> 81[0m [38;5;28;01mreturn[39;00m [43mmethod[49m[43m([49m[38;5;28;43mself[39;49m[43m,[49m[43m [49m[43mother[49m[43m)[49m

File [0;32m/opt/hostedtoolcache/Python/3.8.16/x64/lib/python3.8/site-packages/pandas/core/arraylike.py:56[0m, in [0;36mOpsMixin.__gt__[0;34m(self, other)[0m
[1;32m     54[0m [38;5;129m@unpack_zerodim_and_defer[39m([38;5;124m"[39m[38;5;124m__gt__[39m[38;5;124m"[39m)
[1;32m     55[0m [38;5;28;01mdef[39;00m [38;5;21m__gt__[39m([38;5;28mself[39m, other):
[0;32m---> 56[0m     [38;5;28;01mreturn[39;00m [38;5;28;43mself[39;49m[38;5;241;43m.[39;49m[43m_cmp_method[49m[43m([49m[43mother[49m[43m,[49m[43m [49m[43moperator[49m[38;5;241;43m.[39;49m[43mgt[49m[43m)[49m

File [0;32m/opt/hostedtoolcache/Python/3.8.16/x64/lib/python3.8/site-packages/pandas/core/series.py:6097[0m, in [0;36mSeries._cmp_method[0;34m(self, other, op)[0m
[1;32m   6094[0m rvalues [38;5;241m=[39m extract_array(other, extract_numpy[38;5;241m=[39m[38;5;28;01mTrue[39;00m, extract_range[38;5;241m=[39m[38;5;28;01mTrue[39;00m)
[1;32m   6096[0m [38;5;28;01mwith[39;00m np[38;5;241m.[39merrstate([38;5;28mall[39m[38;5;241m=[39m[38;5;124m"[39m[38;5;124mignore[39m[38;5;124m"[39m):
[0;32m-> 6097[0m     res_values [38;5;241m=[39m [43mops[49m[38;5;241;43m.[39;49m[43mcomparison_op[49m[43m([49m[43mlvalues[49m[43m,[49m[43m [49m[43mrvalues[49m[43m,[49m[43m [49m[43mop[49m[43m)[49m
[1;32m   6099[0m [38;5;28;01mreturn[39;00m [38;5;28mself[39m[38;5;241m.[39m_construct_result(res_values, name[38;5;241m=[39mres_name)

File [0;32m/opt/hostedtoolcache/Python/3.8.16/x64/lib/python3.8/site-packages/pandas/core/ops/array_ops.py:286[0m, in [0;36mcomparison_op[0;34m(left, right, op)[0m
[1;32m    283[0m     [38;5;28;01mreturn[39;00m invalid_comparison(lvalues, rvalues, op)
[1;32m    285[0m [38;5;28;01melif[39;00m is_object_dtype(lvalues[38;5;241m.[39mdtype) [38;5;129;01mor[39;00m [38;5;28misinstance[39m(rvalues, [38;5;28mstr[39m):
[0;32m--> 286[0m     res_values [38;5;241m=[39m [43mcomp_method_OBJECT_ARRAY[49m[43m([49m[43mop[49m[43m,[49m[43m [49m[43mlvalues[49m[43m,[49m[43m [49m[43mrvalues[49m[43m)[49m
[1;32m    288[0m [38;5;28;01melse[39;00m:
[1;32m    289[0m     res_values [38;5;241m=[39m _na_arithmetic_op(lvalues, rvalues, op, is_cmp[38;5;241m=[39m[38;5;28;01mTrue[39;00m)

File [0;32m/opt/hostedtoolcache/Python/3.8.16/x64/lib/python3.8/site-packages/pandas/core/ops/array_ops.py:75[0m, in [0;36mcomp_method_OBJECT_ARRAY[0;34m(op, x, y)[0m
[1;32m     73[0m     result [38;5;241m=[39m libops[38;5;241m.[39mvec_compare(x[38;5;241m.[39mravel(), y[38;5;241m.[39mravel(), op)
[1;32m     74[0m [38;5;28;01melse[39;00m:
[0;32m---> 75[0m     result [38;5;241m=[39m [43mlibops[49m[38;5;241;43m.[39;49m[43mscalar_compare[49m[43m([49m[43mx[49m[38;5;241;43m.[39;49m[43mravel[49m[43m([49m[43m)[49m[43m,[49m[43m [49m[43my[49m[43m,[49m[43m [49m[43mop[49m[43m)[49m
[1;32m     76[0m [38;5;28;01mreturn[39;00m result[38;5;241m.[39mreshape(x[38;5;241m.[39mshape)

File [0;32m/opt/hostedtoolcache/Python/3.8.16/x64/lib/python3.8/site-packages/pandas/_libs/ops.pyx:107[0m, in [0;36mpandas._libs.ops.scalar_compare[0;34m()[0m

[0;31mTypeError[0m: '>' not supported between instances of 'str' and 'int'
TypeError: '>' not supported between instances of 'str' and 'int'

