Traceback (most recent call last):
  File "/opt/hostedtoolcache/Python/3.8.16/x64/lib/python3.8/site-packages/jupyter_cache/executors/utils.py", line 58, in single_nb_execution
    executenb(
  File "/opt/hostedtoolcache/Python/3.8.16/x64/lib/python3.8/site-packages/nbclient/client.py", line 1204, in execute
    return NotebookClient(nb=nb, resources=resources, km=km, **kwargs).execute()
  File "/opt/hostedtoolcache/Python/3.8.16/x64/lib/python3.8/site-packages/nbclient/util.py", line 84, in wrapped
    return just_run(coro(*args, **kwargs))
  File "/opt/hostedtoolcache/Python/3.8.16/x64/lib/python3.8/site-packages/nbclient/util.py", line 62, in just_run
    return loop.run_until_complete(coro)
  File "/opt/hostedtoolcache/Python/3.8.16/x64/lib/python3.8/asyncio/base_events.py", line 616, in run_until_complete
    return future.result()
  File "/opt/hostedtoolcache/Python/3.8.16/x64/lib/python3.8/site-packages/nbclient/client.py", line 663, in async_execute
    await self.async_execute_cell(
  File "/opt/hostedtoolcache/Python/3.8.16/x64/lib/python3.8/site-packages/nbclient/client.py", line 965, in async_execute_cell
    await self._check_raise_for_error(cell, cell_index, exec_reply)
  File "/opt/hostedtoolcache/Python/3.8.16/x64/lib/python3.8/site-packages/nbclient/client.py", line 862, in _check_raise_for_error
    raise CellExecutionError.from_cell_and_msg(cell, exec_reply_content)
nbclient.exceptions.CellExecutionError: An error occurred while executing the following cell:
------------------
# Define chart title to be used in fig and as file name in export
chart_title = "Star growth last year [%]"

df_top_100_stargazers = df_active[(df_active["stargazers_count"]) > 100].copy()
df_top_100_stargazers["star_growth"] = (
    df_top_100_stargazers["stars_last_year"] / df_top_100_stargazers["stargazers_count"]
)

df_top_40_star_growth = df_top_100_stargazers.nlargest(40, "star_growth")
fig = px.bar(
    df_top_40_star_growth,
    x=df_top_40_star_growth["star_growth"] * 100,
    y=df_top_40_star_growth["project_name"],
    orientation="h",
    custom_data=["oneliner", "topic", "git_url"],
    color=df_top_40_star_growth["development_distribution_score"],
    color_continuous_scale=color_continuous_scale,
)

fig.update_layout(
    height=1000,
    #width=700,
    xaxis_title=chart_title,
    yaxis_title=None,
    title="Projects with the highest star growth",
    hoverlabel=dict(bgcolor="white"),
    coloraxis_colorbar=dict(
        title='<a href="https://report.opensustain.tech/chapters/development-distribution-score.html" style = color: black >DDS</a>',
        orientation='h',
        y=-0.2
    ),
    xaxis_range=[30, 100],
    dragmode=False,
)

fig.update_traces(
    hovertemplate="<br>".join(
        [
            "Project Info: <b>%{customdata[0]}</b>",
            "Topic: <b>%{customdata[1]}</b>",
            "Git URL: <b>%{customdata[2]}</b>",
        ]
    )
)

fig.add_layout_image(
    dict(
        source=logo_img,
        xref="paper",
        yref="paper",
        x=1,
        y=0,
        sizex=0.05,
        sizey=0.05,
        xanchor="right",
        yanchor="bottom",
    )
)


# Override the save image button’s options
config = {'responsive': True, 
            'toImageButtonOptions':{
                'width': 1000,
                'height': 1000,
                'format': 'png',
                'filename': chart_title}}

fig["layout"].update(margin=dict(l=0, r=0, b=0, t=40))
fig["layout"]["yaxis"]["autorange"] = "reversed"
fig.show(responsive=True)
------------------

[0;31m---------------------------------------------------------------------------[0m
[0;31mTypeError[0m                                 Traceback (most recent call last)
Cell [0;32mIn[3], line 4[0m
[1;32m      1[0m [38;5;66;03m# Define chart title to be used in fig and as file name in export[39;00m
[1;32m      2[0m chart_title [38;5;241m=[39m [38;5;124m"[39m[38;5;124mStar growth last year [[39m[38;5;124m%[39m[38;5;124m][39m[38;5;124m"[39m
[0;32m----> 4[0m df_top_100_stargazers [38;5;241m=[39m df_active[[43m([49m[43mdf_active[49m[43m[[49m[38;5;124;43m"[39;49m[38;5;124;43mstargazers_count[39;49m[38;5;124;43m"[39;49m[43m][49m[43m)[49m[43m [49m[38;5;241;43m>[39;49m[43m [49m[38;5;241;43m100[39;49m][38;5;241m.[39mcopy()
[1;32m      5[0m df_top_100_stargazers[[38;5;124m"[39m[38;5;124mstar_growth[39m[38;5;124m"[39m] [38;5;241m=[39m (
[1;32m      6[0m     df_top_100_stargazers[[38;5;124m"[39m[38;5;124mstars_last_year[39m[38;5;124m"[39m] [38;5;241m/[39m df_top_100_stargazers[[38;5;124m"[39m[38;5;124mstargazers_count[39m[38;5;124m"[39m]
[1;32m      7[0m )
[1;32m      9[0m df_top_40_star_growth [38;5;241m=[39m df_top_100_stargazers[38;5;241m.[39mnlargest([38;5;241m40[39m, [38;5;124m"[39m[38;5;124mstar_growth[39m[38;5;124m"[39m)

File [0;32m/opt/hostedtoolcache/Python/3.8.16/x64/lib/python3.8/site-packages/pandas/core/ops/common.py:81[0m, in [0;36m_unpack_zerodim_and_defer.<locals>.new_method[0;34m(self, other)[0m
[1;32m     77[0m             [38;5;28;01mreturn[39;00m [38;5;28mNotImplemented[39m
[1;32m     79[0m other [38;5;241m=[39m item_from_zerodim(other)
[0;32m---> 81[0m [38;5;28;01mreturn[39;00m [43mmethod[49m[43m([49m[38;5;28;43mself[39;49m[43m,[49m[43m [49m[43mother[49m[43m)[49m

File [0;32m/opt/hostedtoolcache/Python/3.8.16/x64/lib/python3.8/site-packages/pandas/core/arraylike.py:56[0m, in [0;36mOpsMixin.__gt__[0;34m(self, other)[0m
[1;32m     54[0m [38;5;129m@unpack_zerodim_and_defer[39m([38;5;124m"[39m[38;5;124m__gt__[39m[38;5;124m"[39m)
[1;32m     55[0m [38;5;28;01mdef[39;00m [38;5;21m__gt__[39m([38;5;28mself[39m, other):
[0;32m---> 56[0m     [38;5;28;01mreturn[39;00m [38;5;28;43mself[39;49m[38;5;241;43m.[39;49m[43m_cmp_method[49m[43m([49m[43mother[49m[43m,[49m[43m [49m[43moperator[49m[38;5;241;43m.[39;49m[43mgt[49m[43m)[49m

File [0;32m/opt/hostedtoolcache/Python/3.8.16/x64/lib/python3.8/site-packages/pandas/core/series.py:6097[0m, in [0;36mSeries._cmp_method[0;34m(self, other, op)[0m
[1;32m   6094[0m rvalues [38;5;241m=[39m extract_array(other, extract_numpy[38;5;241m=[39m[38;5;28;01mTrue[39;00m, extract_range[38;5;241m=[39m[38;5;28;01mTrue[39;00m)
[1;32m   6096[0m [38;5;28;01mwith[39;00m np[38;5;241m.[39merrstate([38;5;28mall[39m[38;5;241m=[39m[38;5;124m"[39m[38;5;124mignore[39m[38;5;124m"[39m):
[0;32m-> 6097[0m     res_values [38;5;241m=[39m [43mops[49m[38;5;241;43m.[39;49m[43mcomparison_op[49m[43m([49m[43mlvalues[49m[43m,[49m[43m [49m[43mrvalues[49m[43m,[49m[43m [49m[43mop[49m[43m)[49m
[1;32m   6099[0m [38;5;28;01mreturn[39;00m [38;5;28mself[39m[38;5;241m.[39m_construct_result(res_values, name[38;5;241m=[39mres_name)

File [0;32m/opt/hostedtoolcache/Python/3.8.16/x64/lib/python3.8/site-packages/pandas/core/ops/array_ops.py:286[0m, in [0;36mcomparison_op[0;34m(left, right, op)[0m
[1;32m    283[0m     [38;5;28;01mreturn[39;00m invalid_comparison(lvalues, rvalues, op)
[1;32m    285[0m [38;5;28;01melif[39;00m is_object_dtype(lvalues[38;5;241m.[39mdtype) [38;5;129;01mor[39;00m [38;5;28misinstance[39m(rvalues, [38;5;28mstr[39m):
[0;32m--> 286[0m     res_values [38;5;241m=[39m [43mcomp_method_OBJECT_ARRAY[49m[43m([49m[43mop[49m[43m,[49m[43m [49m[43mlvalues[49m[43m,[49m[43m [49m[43mrvalues[49m[43m)[49m
[1;32m    288[0m [38;5;28;01melse[39;00m:
[1;32m    289[0m     res_values [38;5;241m=[39m _na_arithmetic_op(lvalues, rvalues, op, is_cmp[38;5;241m=[39m[38;5;28;01mTrue[39;00m)

File [0;32m/opt/hostedtoolcache/Python/3.8.16/x64/lib/python3.8/site-packages/pandas/core/ops/array_ops.py:75[0m, in [0;36mcomp_method_OBJECT_ARRAY[0;34m(op, x, y)[0m
[1;32m     73[0m     result [38;5;241m=[39m libops[38;5;241m.[39mvec_compare(x[38;5;241m.[39mravel(), y[38;5;241m.[39mravel(), op)
[1;32m     74[0m [38;5;28;01melse[39;00m:
[0;32m---> 75[0m     result [38;5;241m=[39m [43mlibops[49m[38;5;241;43m.[39;49m[43mscalar_compare[49m[43m([49m[43mx[49m[38;5;241;43m.[39;49m[43mravel[49m[43m([49m[43m)[49m[43m,[49m[43m [49m[43my[49m[43m,[49m[43m [49m[43mop[49m[43m)[49m
[1;32m     76[0m [38;5;28;01mreturn[39;00m result[38;5;241m.[39mreshape(x[38;5;241m.[39mshape)

File [0;32m/opt/hostedtoolcache/Python/3.8.16/x64/lib/python3.8/site-packages/pandas/_libs/ops.pyx:107[0m, in [0;36mpandas._libs.ops.scalar_compare[0;34m()[0m

[0;31mTypeError[0m: '>' not supported between instances of 'str' and 'int'
TypeError: '>' not supported between instances of 'str' and 'int'

