Traceback (most recent call last):
  File "/opt/hostedtoolcache/Python/3.8.16/x64/lib/python3.8/site-packages/jupyter_cache/executors/utils.py", line 58, in single_nb_execution
    executenb(
  File "/opt/hostedtoolcache/Python/3.8.16/x64/lib/python3.8/site-packages/nbclient/client.py", line 1204, in execute
    return NotebookClient(nb=nb, resources=resources, km=km, **kwargs).execute()
  File "/opt/hostedtoolcache/Python/3.8.16/x64/lib/python3.8/site-packages/nbclient/util.py", line 84, in wrapped
    return just_run(coro(*args, **kwargs))
  File "/opt/hostedtoolcache/Python/3.8.16/x64/lib/python3.8/site-packages/nbclient/util.py", line 62, in just_run
    return loop.run_until_complete(coro)
  File "/opt/hostedtoolcache/Python/3.8.16/x64/lib/python3.8/asyncio/base_events.py", line 616, in run_until_complete
    return future.result()
  File "/opt/hostedtoolcache/Python/3.8.16/x64/lib/python3.8/site-packages/nbclient/client.py", line 663, in async_execute
    await self.async_execute_cell(
  File "/opt/hostedtoolcache/Python/3.8.16/x64/lib/python3.8/site-packages/nbclient/client.py", line 965, in async_execute_cell
    await self._check_raise_for_error(cell, cell_index, exec_reply)
  File "/opt/hostedtoolcache/Python/3.8.16/x64/lib/python3.8/site-packages/nbclient/client.py", line 862, in _check_raise_for_error
    raise CellExecutionError.from_cell_and_msg(cell, exec_reply_content)
nbclient.exceptions.CellExecutionError: An error occurred while executing the following cell:
------------------
import numpy as np
import pandas as pd
import plotly.io as pio
import plotly.graph_objects as go
import plotly.express as px
from opensustainTemplate import *

df_active = pd.read_csv("../csv/project_analysis.csv")


fig = px.sunburst(
    df_active.assign(
        hole='<a href="https://opensustain.tech/" style = "color: black >Open Sustainable Technology</a>'
    ),
    path=["hole", "field", "topic", "project_name"],
    maxdepth=3,
    color="development_distribution_score",
    custom_data=["oneliner", "topic", "git_url"],
    # color_continuous_scale=color_continuous_scale,
    color_continuous_scale=color_divergent_scale, # Diverging colors
    color_continuous_midpoint=df_active['development_distribution_score'].median(), # Diverging colors
)

fig.update_layout(
    # title="Ecosystem overview",
    coloraxis_colorbar=dict(title='<a href="https://report.opensustain.tech/chapters/development-distribution-score.html" style = "color: black >DDS</a>',
    orientation='h',
    y=-0.15,
    x=0.5
    ),
    height=800,
    # width=1000,
    title_font_size=22,
    font_size=12,
    dragmode=False,
    margin=dict(l=0, r=0, b=0, t=40)
)
# animated transitions are currently not implemented when uniformtext is used
fig.update_traces(
    insidetextorientation="radial",
    # texttemplate = '%{label}<br>%{percentRoot:.0%}',
    marker=dict(line=dict(color="#000000", width=1)),
    hovertemplate="<br>".join(
        [   "<b>%{label}</b>",
            "<b>Topic</b>: %{customdata[1]}",
            "<b>Project Info</b>: %{customdata[0]}",
            "<b>Git URL</b>: %{customdata[2]}",
        ]
    ),
)

config = {'responsive': True, 
            'toImageButtonOptions':{
                # 'width': 2000,
                # 'height': 2000,
                'format': 'png',
                'filename': 'Ecosystem health and complexity'}}

fig.show(config=config)
------------------

[0;31m---------------------------------------------------------------------------[0m
[0;31mValueError[0m                                Traceback (most recent call last)
Cell [0;32mIn[8], line 11[0m
[1;32m      6[0m [38;5;28;01mfrom[39;00m [38;5;21;01mopensustainTemplate[39;00m [38;5;28;01mimport[39;00m [38;5;241m*[39m
[1;32m      8[0m df_active [38;5;241m=[39m pd[38;5;241m.[39mread_csv([38;5;124m"[39m[38;5;124m../csv/project_analysis.csv[39m[38;5;124m"[39m)
[0;32m---> 11[0m fig [38;5;241m=[39m [43mpx[49m[38;5;241;43m.[39;49m[43msunburst[49m[43m([49m
[1;32m     12[0m [43m    [49m[43mdf_active[49m[38;5;241;43m.[39;49m[43massign[49m[43m([49m
[1;32m     13[0m [43m        [49m[43mhole[49m[38;5;241;43m=[39;49m[38;5;124;43m'[39;49m[38;5;124;43m<a href=[39;49m[38;5;124;43m"[39;49m[38;5;124;43mhttps://opensustain.tech/[39;49m[38;5;124;43m"[39;49m[38;5;124;43m style = [39;49m[38;5;124;43m"[39;49m[38;5;124;43mcolor: black >Open Sustainable Technology</a>[39;49m[38;5;124;43m'[39;49m
[1;32m     14[0m [43m    [49m[43m)[49m[43m,[49m
[1;32m     15[0m [43m    [49m[43mpath[49m[38;5;241;43m=[39;49m[43m[[49m[38;5;124;43m"[39;49m[38;5;124;43mhole[39;49m[38;5;124;43m"[39;49m[43m,[49m[43m [49m[38;5;124;43m"[39;49m[38;5;124;43mfield[39;49m[38;5;124;43m"[39;49m[43m,[49m[43m [49m[38;5;124;43m"[39;49m[38;5;124;43mtopic[39;49m[38;5;124;43m"[39;49m[43m,[49m[43m [49m[38;5;124;43m"[39;49m[38;5;124;43mproject_name[39;49m[38;5;124;43m"[39;49m[43m][49m[43m,[49m
[1;32m     16[0m [43m    [49m[43mmaxdepth[49m[38;5;241;43m=[39;49m[38;5;241;43m3[39;49m[43m,[49m
[1;32m     17[0m [43m    [49m[43mcolor[49m[38;5;241;43m=[39;49m[38;5;124;43m"[39;49m[38;5;124;43mdevelopment_distribution_score[39;49m[38;5;124;43m"[39;49m[43m,[49m
[1;32m     18[0m [43m    [49m[43mcustom_data[49m[38;5;241;43m=[39;49m[43m[[49m[38;5;124;43m"[39;49m[38;5;124;43moneliner[39;49m[38;5;124;43m"[39;49m[43m,[49m[43m [49m[38;5;124;43m"[39;49m[38;5;124;43mtopic[39;49m[38;5;124;43m"[39;49m[43m,[49m[43m [49m[38;5;124;43m"[39;49m[38;5;124;43mgit_url[39;49m[38;5;124;43m"[39;49m[43m][49m[43m,[49m
[1;32m     19[0m [43m    [49m[38;5;66;43;03m# color_continuous_scale=color_continuous_scale,[39;49;00m
[1;32m     20[0m [43m    [49m[43mcolor_continuous_scale[49m[38;5;241;43m=[39;49m[43mcolor_divergent_scale[49m[43m,[49m[43m [49m[38;5;66;43;03m# Diverging colors[39;49;00m
[1;32m     21[0m [43m    [49m[43mcolor_continuous_midpoint[49m[38;5;241;43m=[39;49m[43mdf_active[49m[43m[[49m[38;5;124;43m'[39;49m[38;5;124;43mdevelopment_distribution_score[39;49m[38;5;124;43m'[39;49m[43m][49m[38;5;241;43m.[39;49m[43mmedian[49m[43m([49m[43m)[49m[43m,[49m[43m [49m[38;5;66;43;03m# Diverging colors[39;49;00m
[1;32m     22[0m [43m)[49m
[1;32m     24[0m fig[38;5;241m.[39mupdate_layout(
[1;32m     25[0m     [38;5;66;03m# title="Ecosystem overview",[39;00m
[1;32m     26[0m     coloraxis_colorbar[38;5;241m=[39m[38;5;28mdict[39m(title[38;5;241m=[39m[38;5;124m'[39m[38;5;124m<a href=[39m[38;5;124m"[39m[38;5;124mhttps://report.opensustain.tech/chapters/development-distribution-score.html[39m[38;5;124m"[39m[38;5;124m style = [39m[38;5;124m"[39m[38;5;124mcolor: black >DDS</a>[39m[38;5;124m'[39m,
[0;32m   (...)[0m
[1;32m     36[0m     margin[38;5;241m=[39m[38;5;28mdict[39m(l[38;5;241m=[39m[38;5;241m0[39m, r[38;5;241m=[39m[38;5;241m0[39m, b[38;5;241m=[39m[38;5;241m0[39m, t[38;5;241m=[39m[38;5;241m40[39m)
[1;32m     37[0m )
[1;32m     38[0m [38;5;66;03m# animated transitions are currently not implemented when uniformtext is used[39;00m

File [0;32m/opt/hostedtoolcache/Python/3.8.16/x64/lib/python3.8/site-packages/plotly/express/_chart_types.py:1541[0m, in [0;36msunburst[0;34m(data_frame, names, values, parents, path, ids, color, color_continuous_scale, range_color, color_continuous_midpoint, color_discrete_sequence, color_discrete_map, hover_name, hover_data, custom_data, labels, title, template, width, height, branchvalues, maxdepth)[0m
[1;32m   1539[0m [38;5;28;01mif[39;00m path [38;5;129;01mis[39;00m [38;5;129;01mnot[39;00m [38;5;28;01mNone[39;00m [38;5;129;01mand[39;00m branchvalues [38;5;129;01mis[39;00m [38;5;28;01mNone[39;00m:
[1;32m   1540[0m     branchvalues [38;5;241m=[39m [38;5;124m"[39m[38;5;124mtotal[39m[38;5;124m"[39m
[0;32m-> 1541[0m [38;5;28;01mreturn[39;00m [43mmake_figure[49m[43m([49m
[1;32m   1542[0m [43m    [49m[43margs[49m[38;5;241;43m=[39;49m[38;5;28;43mlocals[39;49m[43m([49m[43m)[49m[43m,[49m
[1;32m   1543[0m [43m    [49m[43mconstructor[49m[38;5;241;43m=[39;49m[43mgo[49m[38;5;241;43m.[39;49m[43mSunburst[49m[43m,[49m
[1;32m   1544[0m [43m    [49m[43mtrace_patch[49m[38;5;241;43m=[39;49m[38;5;28;43mdict[39;49m[43m([49m[43mbranchvalues[49m[38;5;241;43m=[39;49m[43mbranchvalues[49m[43m,[49m[43m [49m[43mmaxdepth[49m[38;5;241;43m=[39;49m[43mmaxdepth[49m[43m)[49m[43m,[49m
[1;32m   1545[0m [43m    [49m[43mlayout_patch[49m[38;5;241;43m=[39;49m[43mlayout_patch[49m[43m,[49m
[1;32m   1546[0m [43m[49m[43m)[49m

File [0;32m/opt/hostedtoolcache/Python/3.8.16/x64/lib/python3.8/site-packages/plotly/express/_core.py:1998[0m, in [0;36mmake_figure[0;34m(args, constructor, trace_patch, layout_patch)[0m
[1;32m   1996[0m args [38;5;241m=[39m build_dataframe(args, constructor)
[1;32m   1997[0m [38;5;28;01mif[39;00m constructor [38;5;129;01min[39;00m [go[38;5;241m.[39mTreemap, go[38;5;241m.[39mSunburst, go[38;5;241m.[39mIcicle] [38;5;129;01mand[39;00m args[[38;5;124m"[39m[38;5;124mpath[39m[38;5;124m"[39m] [38;5;129;01mis[39;00m [38;5;129;01mnot[39;00m [38;5;28;01mNone[39;00m:
[0;32m-> 1998[0m     args [38;5;241m=[39m [43mprocess_dataframe_hierarchy[49m[43m([49m[43margs[49m[43m)[49m
[1;32m   1999[0m [38;5;28;01mif[39;00m constructor [38;5;129;01min[39;00m [go[38;5;241m.[39mPie]:
[1;32m   2000[0m     args, trace_patch [38;5;241m=[39m process_dataframe_pie(args, trace_patch)

File [0;32m/opt/hostedtoolcache/Python/3.8.16/x64/lib/python3.8/site-packages/plotly/express/_core.py:1549[0m, in [0;36mprocess_dataframe_hierarchy[0;34m(args)[0m
[1;32m   1547[0m df [38;5;241m=[39m args[[38;5;124m"[39m[38;5;124mdata_frame[39m[38;5;124m"[39m]
[1;32m   1548[0m path [38;5;241m=[39m args[[38;5;124m"[39m[38;5;124mpath[39m[38;5;124m"[39m][::[38;5;241m-[39m[38;5;241m1[39m]
[0;32m-> 1549[0m [43m_check_dataframe_all_leaves[49m[43m([49m[43mdf[49m[43m[[49m[43mpath[49m[43m[[49m[43m:[49m[43m:[49m[38;5;241;43m-[39;49m[38;5;241;43m1[39;49m[43m][49m[43m][49m[43m)[49m
[1;32m   1550[0m discrete_color [38;5;241m=[39m [38;5;28;01mFalse[39;00m
[1;32m   1552[0m new_path [38;5;241m=[39m []

File [0;32m/opt/hostedtoolcache/Python/3.8.16/x64/lib/python3.8/site-packages/plotly/express/_core.py:1528[0m, in [0;36m_check_dataframe_all_leaves[0;34m(df)[0m
[1;32m   1526[0m     i [38;5;241m=[39m np[38;5;241m.[39mnonzero(row[38;5;241m.[39mvalues)[[38;5;241m0[39m][[38;5;241m0[39m]
[1;32m   1527[0m     [38;5;28;01mif[39;00m [38;5;129;01mnot[39;00m row[i:][38;5;241m.[39mall():
[0;32m-> 1528[0m         [38;5;28;01mraise[39;00m [38;5;167;01mValueError[39;00m(
[1;32m   1529[0m             [38;5;124m"[39m[38;5;124mNone entries cannot have not-None children[39m[38;5;124m"[39m,
[1;32m   1530[0m             df_sorted[38;5;241m.[39miloc[null_row_index],
[1;32m   1531[0m         )
[1;32m   1532[0m df_sorted[null_mask] [38;5;241m=[39m [38;5;124m"[39m[38;5;124m"[39m
[1;32m   1533[0m row_strings [38;5;241m=[39m [38;5;28mlist[39m(df_sorted[38;5;241m.[39mapply([38;5;28;01mlambda[39;00m x: [38;5;124m"[39m[38;5;124m"[39m[38;5;241m.[39mjoin(x), axis[38;5;241m=[39m[38;5;241m1[39m))

[0;31mValueError[0m: ('None entries cannot have not-None children', hole            <a href="https://opensustain.tech/" style = "c...
field                                           0.783561643835616
topic                                                         nan
project_name    <a href="https://github.com/Call-for-Code/Liqu...
Name: 823, dtype: object)
ValueError: ('None entries cannot have not-None children', hole            <a href="https://opensustain.tech/" style = "c...
field                                           0.783561643835616
topic                                                         nan
project_name    <a href="https://github.com/Call-for-Code/Liqu...
Name: 823, dtype: object)

