Traceback (most recent call last):
  File "/opt/hostedtoolcache/Python/3.8.16/x64/lib/python3.8/site-packages/jupyter_cache/executors/utils.py", line 58, in single_nb_execution
    executenb(
  File "/opt/hostedtoolcache/Python/3.8.16/x64/lib/python3.8/site-packages/nbclient/client.py", line 1204, in execute
    return NotebookClient(nb=nb, resources=resources, km=km, **kwargs).execute()
  File "/opt/hostedtoolcache/Python/3.8.16/x64/lib/python3.8/site-packages/nbclient/util.py", line 84, in wrapped
    return just_run(coro(*args, **kwargs))
  File "/opt/hostedtoolcache/Python/3.8.16/x64/lib/python3.8/site-packages/nbclient/util.py", line 62, in just_run
    return loop.run_until_complete(coro)
  File "/opt/hostedtoolcache/Python/3.8.16/x64/lib/python3.8/asyncio/base_events.py", line 616, in run_until_complete
    return future.result()
  File "/opt/hostedtoolcache/Python/3.8.16/x64/lib/python3.8/site-packages/nbclient/client.py", line 663, in async_execute
    await self.async_execute_cell(
  File "/opt/hostedtoolcache/Python/3.8.16/x64/lib/python3.8/site-packages/nbclient/client.py", line 965, in async_execute_cell
    await self._check_raise_for_error(cell, cell_index, exec_reply)
  File "/opt/hostedtoolcache/Python/3.8.16/x64/lib/python3.8/site-packages/nbclient/client.py", line 862, in _check_raise_for_error
    raise CellExecutionError.from_cell_and_msg(cell, exec_reply_content)
nbclient.exceptions.CellExecutionError: An error occurred while executing the following cell:
------------------
df_activity_score = df_active.nlargest(40, "activity")

fig = px.bar(
    df_activity_score,
    x=df_activity_score["activity"],
    y=df_activity_score["project_name"],
    orientation="h",
    custom_data=["oneliner", "topic", "git_url"],
    color=df_activity_score["development_distribution_score"],
    color_continuous_scale=color_continuous_scale,
    range_x=(0.7, 0.9),
)

fig.update_layout(
    height=1000,  # Added parameter
    #width=600,
    xaxis_title="Activity score",
    yaxis_title=None,
    title="Top 40 activity score",
    coloraxis_colorbar=dict(
        title='<a href="https://report.opensustain.tech/chapters/development-distribution-score.html" style = "color: black >DDS</a>',
        orientation='h',
        y=-0.15,
        x=0.4
    ),
    hoverlabel=dict(
        bgcolor="white",
    ),
    dragmode=False,
)
fig.update(layout_showlegend=False)
fig["layout"].update(margin=dict(l=200, r=0, b=0, t=40))

fig.add_layout_image(
    dict(
        source=logo_img,
        xref="paper",
        yref="paper",
        x=1,
        y=0,
        sizex=0.05,
        sizey=0.05,
        xanchor="right",
        yanchor="bottom",
    )
)

fig.update_traces(
    hovertemplate="<br>".join(
        [
            "Project Info: <b>%{customdata[0]}</b>",
            "Topic: <b>%{customdata[1]}</b>",
            "Git URL: <b>%{customdata[2]}</b>",
        ]
    )
)
fig["layout"]["yaxis"]["autorange"] = "reversed"
fig.show(responsive=True)
------------------

[0;31m---------------------------------------------------------------------------[0m
[0;31mTypeError[0m                                 Traceback (most recent call last)
Cell [0;32mIn[4], line 1[0m
[0;32m----> 1[0m df_activity_score [38;5;241m=[39m [43mdf_active[49m[38;5;241;43m.[39;49m[43mnlargest[49m[43m([49m[38;5;241;43m40[39;49m[43m,[49m[43m [49m[38;5;124;43m"[39;49m[38;5;124;43mactivity[39;49m[38;5;124;43m"[39;49m[43m)[49m
[1;32m      3[0m fig [38;5;241m=[39m px[38;5;241m.[39mbar(
[1;32m      4[0m     df_activity_score,
[1;32m      5[0m     x[38;5;241m=[39mdf_activity_score[[38;5;124m"[39m[38;5;124mactivity[39m[38;5;124m"[39m],
[0;32m   (...)[0m
[1;32m     11[0m     range_x[38;5;241m=[39m([38;5;241m0.7[39m, [38;5;241m0.9[39m),
[1;32m     12[0m )
[1;32m     14[0m fig[38;5;241m.[39mupdate_layout(
[1;32m     15[0m     height[38;5;241m=[39m[38;5;241m1000[39m,  [38;5;66;03m# Added parameter[39;00m
[1;32m     16[0m     [38;5;66;03m#width=600,[39;00m
[0;32m   (...)[0m
[1;32m     29[0m     dragmode[38;5;241m=[39m[38;5;28;01mFalse[39;00m,
[1;32m     30[0m )

File [0;32m/opt/hostedtoolcache/Python/3.8.16/x64/lib/python3.8/site-packages/pandas/core/frame.py:7207[0m, in [0;36mDataFrame.nlargest[0;34m(self, n, columns, keep)[0m
[1;32m   7102[0m [38;5;28;01mdef[39;00m [38;5;21mnlargest[39m([38;5;28mself[39m, n: [38;5;28mint[39m, columns: IndexLabel, keep: [38;5;28mstr[39m [38;5;241m=[39m [38;5;124m"[39m[38;5;124mfirst[39m[38;5;124m"[39m) [38;5;241m-[39m[38;5;241m>[39m DataFrame:
[1;32m   7103[0m [38;5;250m    [39m[38;5;124;03m"""[39;00m
[1;32m   7104[0m [38;5;124;03m    Return the first `n` rows ordered by `columns` in descending order.[39;00m
[1;32m   7105[0m 
[0;32m   (...)[0m
[1;32m   7205[0m [38;5;124;03m    Brunei      434000    12128      BN[39;00m
[1;32m   7206[0m [38;5;124;03m    """[39;00m
[0;32m-> 7207[0m     [38;5;28;01mreturn[39;00m [43mselectn[49m[38;5;241;43m.[39;49m[43mSelectNFrame[49m[43m([49m[38;5;28;43mself[39;49m[43m,[49m[43m [49m[43mn[49m[38;5;241;43m=[39;49m[43mn[49m[43m,[49m[43m [49m[43mkeep[49m[38;5;241;43m=[39;49m[43mkeep[49m[43m,[49m[43m [49m[43mcolumns[49m[38;5;241;43m=[39;49m[43mcolumns[49m[43m)[49m[38;5;241;43m.[39;49m[43mnlargest[49m[43m([49m[43m)[49m

File [0;32m/opt/hostedtoolcache/Python/3.8.16/x64/lib/python3.8/site-packages/pandas/core/methods/selectn.py:54[0m, in [0;36mSelectN.nlargest[0;34m(self)[0m
[1;32m     52[0m [38;5;129m@final[39m
[1;32m     53[0m [38;5;28;01mdef[39;00m [38;5;21mnlargest[39m([38;5;28mself[39m):
[0;32m---> 54[0m     [38;5;28;01mreturn[39;00m [38;5;28;43mself[39;49m[38;5;241;43m.[39;49m[43mcompute[49m[43m([49m[38;5;124;43m"[39;49m[38;5;124;43mnlargest[39;49m[38;5;124;43m"[39;49m[43m)[49m

File [0;32m/opt/hostedtoolcache/Python/3.8.16/x64/lib/python3.8/site-packages/pandas/core/methods/selectn.py:194[0m, in [0;36mSelectNFrame.compute[0;34m(self, method)[0m
[1;32m    192[0m     dtype [38;5;241m=[39m frame[column][38;5;241m.[39mdtype
[1;32m    193[0m     [38;5;28;01mif[39;00m [38;5;129;01mnot[39;00m [38;5;28mself[39m[38;5;241m.[39mis_valid_dtype_n_method(dtype):
[0;32m--> 194[0m         [38;5;28;01mraise[39;00m [38;5;167;01mTypeError[39;00m(
[1;32m    195[0m             [38;5;124mf[39m[38;5;124m"[39m[38;5;124mColumn [39m[38;5;132;01m{[39;00m[38;5;28mrepr[39m(column)[38;5;132;01m}[39;00m[38;5;124m has dtype [39m[38;5;132;01m{[39;00mdtype[38;5;132;01m}[39;00m[38;5;124m, [39m[38;5;124m"[39m
[1;32m    196[0m             [38;5;124mf[39m[38;5;124m"[39m[38;5;124mcannot use method [39m[38;5;132;01m{[39;00m[38;5;28mrepr[39m(method)[38;5;132;01m}[39;00m[38;5;124m with this dtype[39m[38;5;124m"[39m
[1;32m    197[0m         )
[1;32m    199[0m [38;5;28;01mdef[39;00m [38;5;21mget_indexer[39m(current_indexer, other_indexer):
[1;32m    200[0m [38;5;250m    [39m[38;5;124;03m"""[39;00m
[1;32m    201[0m [38;5;124;03m    Helper function to concat `current_indexer` and `other_indexer`[39;00m
[1;32m    202[0m [38;5;124;03m    depending on `method`[39;00m
[1;32m    203[0m [38;5;124;03m    """[39;00m

[0;31mTypeError[0m: Column 'activity' has dtype object, cannot use method 'nlargest' with this dtype
TypeError: Column 'activity' has dtype object, cannot use method 'nlargest' with this dtype

